                 prev1       prev2  ...  threshHold  threshHold2
0                                   ...                         
KRW-BTC     67768000.0  67951000.0  ...        1.01        1.002
KRW-ETH      4146000.0   4147000.0  ...        1.01        1.002
KRW-NEO       144650.0    145650.0  ...        1.01        1.002
KRW-MTL         4850.0      4885.0  ...        1.01        1.002
KRW-LTC       419150.0    421100.0  ...        1.01        1.002
...                ...         ...  ...         ...          ...
KRW-PUNDIX      3505.0      3515.0  ...        1.01        1.002
KRW-FLOW       35180.0     35150.0  ...        1.01        1.002
KRW-DAWN        7915.0      7890.0  ...        1.01        1.002
KRW-AXS         9560.0      9585.0  ...        1.01        1.002
KRW-STX         2380.0      2385.0  ...        1.01        1.002

[117 rows x 6 columns]
----------------------------------------
          prev1   prev2   prev3  is_main_coin  ...  ratio1  ratio2  ratio3  target
0                                              ...                                
KRW-KNC  4825.0  4895.0  4930.0          True  ...    True    True    True    True

[1 rows x 11 columns]
----------------------------------------
------------------------------------------------------------

   name: KNC        purchase_time: 2021-05-07 23:12:39.915648

     purchase_price: 4990.0      current_price: 4990.0       ratio: 1.0




----------------------------------------
            prev1    prev2    prev3  ...  ratio2  ratio3  target
0                                    ...                        
KRW-STRK  71450.0  72500.0  74400.0  ...    True    True    True

[1 rows x 11 columns]
----------------------------------------
------------------------------------------------------------

   name: STRK        purchase_time: 2021-05-07 23:21:41.737974

     purchase_price: 74890.0      current_price: 74890.0       ratio: 1.0




----------------------------------------
          prev1   prev2   prev3  is_main_coin  ...  ratio1  ratio2  ratio3  target
0                                              ...                                
KRW-GRS  1805.0  1830.0  1835.0          True  ...    True    True    True    True

[1 rows x 11 columns]
----------------------------------------
------------------------------------------------------------

   name: GRS        purchase_time: 2021-05-07 23:30:43.084383

     purchase_price: 1845.0      current_price: 1845.0       ratio: 1.0




----------------------------------------
            prev1    prev2    prev3  ...  ratio2  ratio3  target
0                                    ...                        
KRW-STRK  76220.0  76990.0  77200.0  ...    True    True    True

[1 rows x 11 columns]
----------------------------------------
----------------------------------------
            prev1    prev2    prev3  ...  ratio2  ratio3  target
0                                    ...                        
KRW-STRK  77200.0  78480.0  79380.0  ...    True    True    True

[1 rows x 11 columns]
----------------------------------------
----------------------------------------
               prev1     prev2     prev3  ...  ratio2  ratio3  target
0                                         ...                        
KRW-ETC     154700.0  156250.0  158200.0  ...    True    True    True
KRW-OMG      16000.0   16220.0   16260.0  ...    True    True    True
KRW-LSK      12100.0   12250.0   12530.0  ...    True    True    True
KRW-EOS      12730.0   12910.0   12980.0  ...    True    True    True
KRW-PUNDIX    3555.0    3605.0    3615.0  ...    True    True    True

[5 rows x 11 columns]
----------------------------------------
------------------------------------------------------------

   name: ETC        purchase_time: 2021-05-07 23:37:44.659142

     purchase_price: 159150.0      current_price: 159150.0       ratio: 1.0




------------------------------------------------------------

   name: OMG        purchase_time: 2021-05-07 23:37:44.659142

     purchase_price: 16310.0      current_price: 16310.0       ratio: 1.0




------------------------------------------------------------

   name: LSK        purchase_time: 2021-05-07 23:37:44.659142

     purchase_price: 12810.0      current_price: 12810.0       ratio: 1.0




------------------------------------------------------------

   name: EOS        purchase_time: 2021-05-07 23:37:44.659142

     purchase_price: 13020.0      current_price: 13020.0       ratio: 1.0




------------------------------------------------------------

   name: PUNDIX        purchase_time: 2021-05-07 23:37:44.659142

     purchase_price: 3675.0      current_price: 3675.0       ratio: 1.0




----------------------------------------
           prev1    prev2    prev3  ...  ratio2  ratio3  target
0                                   ...                        
KRW-TON  13880.0  14020.0  14330.0  ...    True    True    True

[1 rows x 11 columns]
----------------------------------------
------------------------------------------------------------

   name: TON        purchase_time: 2021-05-07 23:39:45.277430

     purchase_price: 14400.0      current_price: 14400.0       ratio: 1.0




----------------------------------------
           prev1    prev2    prev3  ...  ratio2  ratio3  target
0                                   ...                        
KRW-TON  14020.0  14330.0  14400.0  ...    True    True    True

[1 rows x 11 columns]
----------------------------------------
----------------------------------------
          prev1   prev2   prev3  is_main_coin  ...  ratio1  ratio2  ratio3  target
0                                              ...                                
KRW-ARK  3130.0  3190.0  3260.0          True  ...    True    True    True    True

[1 rows x 11 columns]
----------------------------------------
------------------------------------------------------------

   name: ARK        purchase_time: 2021-05-07 23:45:45.417212

     purchase_price: 3340.0      current_price: 3340.0       ratio: 1.0




----------------------------------------
             prev1    prev2    prev3  ...  ratio2  ratio3  target
0                                     ...                        
KRW-STRAX   5690.0   5845.0   5940.0  ...    True    True    True
KRW-STRK   74480.0  75650.0  75850.0  ...    True    True    True

[2 rows x 11 columns]
----------------------------------------
------------------------------------------------------------

   name: STRAX        purchase_time: 2021-05-07 23:47:45.394683

     purchase_price: 6120.0      current_price: 6120.0       ratio: 1.0




----------------------------------------
            prev1     prev2     prev3  ...  ratio2  ratio3  target
0                                      ...                        
KRW-ETC  160600.0  162450.0  162850.0  ...    True    True    True

[1 rows x 11 columns]
----------------------------------------
----------------------------------------
           prev1    prev2    prev3  ...  ratio2  ratio3  target
0                                   ...                        
KRW-LSK  13220.0  13370.0  13400.0  ...    True    True    True

[1 rows x 11 columns]
----------------------------------------
----------------------------------------
            prev1    prev2    prev3  ...  ratio2  ratio3  target
0                                    ...                        
KRW-QTUM  35260.0  35660.0  35930.0  ...    True    True    True

[1 rows x 11 columns]
----------------------------------------
------------------------------------------------------------

   name: QTUM        purchase_time: 2021-05-08 00:04:49.334913

     purchase_price: 36070.0      current_price: 36070.0       ratio: 1.0




----------------------------------------
            prev1     prev2     prev3  ...  ratio2  ratio3  target
0                                      ...                        
KRW-BTG  162950.0  164700.0  165200.0  ...    True    True    True

[1 rows x 11 columns]
----------------------------------------
------------------------------------------------------------

   name: BTG        purchase_time: 2021-05-08 00:12:50.916608

     purchase_price: 165800.0      current_price: 165800.0       ratio: 1.0




----------------------------------------
           prev1    prev2    prev3  ...  ratio2  ratio3  target
0                                   ...                        
KRW-REP  62680.0  63430.0  63600.0  ...    True    True    True

[1 rows x 11 columns]
----------------------------------------
------------------------------------------------------------

   name: REP        purchase_time: 2021-05-08 00:16:51.201513

     purchase_price: 63770.0      current_price: 63770.0       ratio: 1.0




----------------------------------------
            prev1    prev2    prev3  ...  ratio2  ratio3  target
0                                    ...                        
KRW-ATOM  32530.0  33140.0  33380.0  ...    True    True    True

[1 rows x 11 columns]
----------------------------------------
------------------------------------------------------------

   name: ATOM        purchase_time: 2021-05-08 00:18:51.747223

     purchase_price: 33730.0      current_price: 33730.0       ratio: 1.0




----------------------------------------
          prev1   prev2   prev3  is_main_coin  ...  ratio1  ratio2  ratio3  target
0                                              ...                                
KRW-ARK  3215.0  3250.0  3270.0          True  ...    True    True    True    True

[1 rows x 11 columns]
----------------------------------------
----------------------------------------
            prev1    prev2    prev3  ...  ratio2  ratio3  target
0                                    ...                        
KRW-ATOM  33450.0  33810.0  34120.0  ...    True    True    True

[1 rows x 11 columns]
----------------------------------------
----------------------------------------
          prev1  prev2  prev3  is_main_coin  ...  ratio1  ratio2  ratio3  target
0                                            ...                                
KRW-OBSR   29.5   30.4   30.7         False  ...    True    True    True    True

[1 rows x 11 columns]
----------------------------------------
------------------------------------------------------------

   name: OBSR        purchase_time: 2021-05-08 00:34:55.159851

     purchase_price: 31.2      current_price: 31.2       ratio: 1.0




----------------------------------------
         prev1  prev2  prev3  is_main_coin  ...  ratio1  ratio2  ratio3  target
0                                           ...                                
KRW-DKA  269.0  275.0  282.0         False  ...    True    True    True    True

[1 rows x 11 columns]
----------------------------------------
------------------------------------------------------------

   name: DKA        purchase_time: 2021-05-08 00:36:54.642706

     purchase_price: 284.0      current_price: 284.0       ratio: 1.0




----------------------------------------
          prev1  prev2  prev3  is_main_coin  ...  ratio1  ratio2  ratio3  target
0                                            ...                                
KRW-ORBS  167.0  171.0  174.0         False  ...    True    True    True    True

[1 rows x 11 columns]
----------------------------------------
------------------------------------------------------------

   name: ORBS        purchase_time: 2021-05-08 00:38:54.459125

     purchase_price: 175.0      current_price: 175.0       ratio: 1.0




----------------------------------------
            prev1    prev2    prev3  ...  ratio2  ratio3  target
0                                    ...                        
KRW-ATOM  35190.0  35870.0  36050.0  ...    True    True    True

[1 rows x 11 columns]
----------------------------------------
----------------------------------------
            prev1    prev2    prev3  ...  ratio2  ratio3  target
0                                    ...                        
KRW-ATOM  36050.0  36900.0  37770.0  ...    True    True    True

[1 rows x 11 columns]
----------------------------------------
----------------------------------------
           prev1    prev2    prev3  ...  ratio2  ratio3  target
0                                   ...                        
KRW-TON  14890.0  15090.0  15280.0  ...    True    True    True

[1 rows x 11 columns]
----------------------------------------
----------------------------------------
            prev1    prev2    prev3  ...  ratio2  ratio3  target
0                                    ...                        
KRW-ATOM  35740.0  36380.0  37150.0  ...    True    True    True

[1 rows x 11 columns]
----------------------------------------
----------------------------------------
            prev1     prev2     prev3  ...  ratio2  ratio3  target
0                                      ...                        
KRW-NEO  136900.0  138300.0  139000.0  ...    True    True    True

[1 rows x 11 columns]
----------------------------------------
------------------------------------------------------------

   name: NEO        purchase_time: 2021-05-08 01:09:58.722442

     purchase_price: 139350.0      current_price: 139350.0       ratio: 1.0




----------------------------------------
          prev1   prev2   prev3  is_main_coin  ...  ratio1  ratio2  ratio3  target
0                                              ...                                
KRW-GRS  1850.0  1875.0  1895.0          True  ...    True    True    True    True

[1 rows x 11 columns]
----------------------------------------
----------------------------------------
           prev1   prev2   prev3  is_main_coin  ...  ratio1  ratio2  ratio3  target
0                                               ...                                
KRW-MLK   2225.0  2255.0  2280.0          True  ...    True    True    True    True
KRW-BORA   307.0   315.0   327.0         False  ...    True    True    True    True

[2 rows x 11 columns]
----------------------------------------
------------------------------------------------------------

   name: MLK        purchase_time: 2021-05-08 01:30:02.388442

     purchase_price: 2290.0      current_price: 2290.0       ratio: 1.0




------------------------------------------------------------

   name: BORA        purchase_time: 2021-05-08 01:30:02.388442

     purchase_price: 329.0      current_price: 329.0       ratio: 1.0




----------------------------------------
          prev1   prev2   prev3  is_main_coin  ...  ratio1  ratio2  ratio3  target
0                                              ...                                
KRW-MLK  2255.0  2280.0  2290.0          True  ...    True    True    True    True

[1 rows x 11 columns]
----------------------------------------
----------------------------------------
          prev1   prev2   prev3  is_main_coin  ...  ratio1  ratio2  ratio3  target
0                                              ...                                
KRW-XTZ  8335.0  8440.0  8465.0          True  ...    True    True    True    True

[1 rows x 11 columns]
----------------------------------------
------------------------------------------------------------

   name: XTZ        purchase_time: 2021-05-08 01:32:03.280498

     purchase_price: 8485.0      current_price: 8485.0       ratio: 1.0




----------------------------------------
            prev1     prev2     prev3  ...  ratio2  ratio3  target
0                                      ...                        
KRW-ETC  145200.0  146900.0  148100.0  ...    True    True    True
KRW-GRS    1780.0    1800.0    1805.0  ...    True    True    True

[2 rows x 11 columns]
----------------------------------------
----------------------------------------
          prev1   prev2   prev3  is_main_coin  ...  ratio1  ratio2  ratio3  target
0                                              ...                                
KRW-ARK  2895.0  2925.0  2950.0          True  ...    True    True    True    True

[1 rows x 11 columns]
----------------------------------------
----------------------------------------
          prev1   prev2   prev3  is_main_coin  ...  ratio1  ratio2  ratio3  target
0                                              ...                                
KRW-ICX  3400.0  3435.0  3445.0          True  ...    True    True    True    True

[1 rows x 11 columns]
----------------------------------------